<?xml version="1.0" encoding="UTF-8"?>
<!-- Generated by org.testng.reporters.JUnitXMLReporter -->
<testsuite hostname="Metanet-27" name="Default test" tests="3" failures="0" timestamp="4 Feb 2021 13:15:08 GMT" time="48.723" errors="0">
  <testcase name="TC_01_ValidateCurrentUrl" time="0.021" classname="webdriver.Topic_01_CheckEnvironment"/>
  <testcase name="TC_02_ValidatePageTitle" time="0.01" classname="webdriver.Topic_01_CheckEnvironment"/>
  <testcase name="TC_03_LoginFormDisplayed" time="0.102" classname="webdriver.Topic_01_CheckEnvironment"/>
</testsuite> <!-- Default test -->
