<?xml version="1.0" encoding="UTF-8"?>
<testng-results skipped="0" failed="0" total="3" passed="3">
  <reporter-output>
  </reporter-output>
  <suite name="Default suite" duration-ms="48723" started-at="2021-02-04T13:14:19Z" finished-at="2021-02-04T13:15:08Z">
    <groups>
    </groups>
    <test name="Default test" duration-ms="48723" started-at="2021-02-04T13:14:19Z" finished-at="2021-02-04T13:15:08Z">
      <class name="webdriver.Topic_01_CheckEnvironment">
        <test-method status="PASS" signature="beforeClass()[pri:0, instance:webdriver.Topic_01_CheckEnvironment@48eff760]" name="beforeClass" is-config="true" duration-ms="47646" started-at="2021-02-04T20:14:19Z" finished-at="2021-02-04T20:15:07Z">
          <reporter-output>
          </reporter-output>
        </test-method> <!-- beforeClass -->
        <test-method status="PASS" signature="TC_01_ValidateCurrentUrl()[pri:0, instance:webdriver.Topic_01_CheckEnvironment@48eff760]" name="TC_01_ValidateCurrentUrl" duration-ms="21" started-at="2021-02-04T20:15:07Z" finished-at="2021-02-04T20:15:07Z">
          <reporter-output>
          </reporter-output>
        </test-method> <!-- TC_01_ValidateCurrentUrl -->
        <test-method status="PASS" signature="TC_02_ValidatePageTitle()[pri:0, instance:webdriver.Topic_01_CheckEnvironment@48eff760]" name="TC_02_ValidatePageTitle" duration-ms="10" started-at="2021-02-04T20:15:07Z" finished-at="2021-02-04T20:15:07Z">
          <reporter-output>
          </reporter-output>
        </test-method> <!-- TC_02_ValidatePageTitle -->
        <test-method status="PASS" signature="TC_03_LoginFormDisplayed()[pri:0, instance:webdriver.Topic_01_CheckEnvironment@48eff760]" name="TC_03_LoginFormDisplayed" duration-ms="102" started-at="2021-02-04T20:15:07Z" finished-at="2021-02-04T20:15:07Z">
          <reporter-output>
          </reporter-output>
        </test-method> <!-- TC_03_LoginFormDisplayed -->
        <test-method status="PASS" signature="afterClass()[pri:0, instance:webdriver.Topic_01_CheckEnvironment@48eff760]" name="afterClass" is-config="true" duration-ms="926" started-at="2021-02-04T20:15:07Z" finished-at="2021-02-04T20:15:08Z">
          <reporter-output>
          </reporter-output>
        </test-method> <!-- afterClass -->
      </class> <!-- webdriver.Topic_01_CheckEnvironment -->
    </test> <!-- Default test -->
  </suite> <!-- Default suite -->
</testng-results>
